<?xml version="1.0" encoding="UTF-8"?>
<!-- Generated by org.testng.reporters.JUnitXMLReporter -->
<testsuite ignored="0" hostname="DESKTOP-KTHKFE5" failures="1" tests="56" name="Test" time="32.847" errors="0" timestamp="2021-01-04T04:29:49 IST">
  <testcase classname="tests.base_test" name="getResponseTime" time="1.755"/>
  <testcase classname="tests.base_test" name="getResponseTime" time="1.786"/>
  <testcase classname="tests.base_test" name="getResponseTime" time="1.606"/>
  <testcase classname="tests.base_test" name="getResponseTime" time="2.044"/>
  <testcase classname="tests.base_test" name="getResponseTime" time="1.444"/>
  <testcase classname="tests.base_test" name="getResponseTime" time="1.785"/>
  <testcase classname="tests.base_test" name="getResponseTime" time="2.045"/>
  <testcase classname="tests.base_test" name="getStatusCode" time="0.48"/>
  <testcase classname="tests.base_test" name="getStatusCode" time="0.484"/>
  <testcase classname="tests.base_test" name="getStatusCode" time="0.484"/>
  <testcase classname="tests.base_test" name="getStatusCode" time="0.486"/>
  <testcase classname="tests.base_test" name="getStatusCode" time="0.519"/>
  <testcase classname="tests.base_test" name="getStatusCode" time="0.517"/>
  <testcase classname="tests.base_test" name="getStatusCode" time="0.522"/>
  <testcase classname="tests.login_test" name="t01_loginFailedFromTable" time="1.54"/>
  <testcase classname="tests.login_test" name="t01_loginFailedFromTable" time="1.273"/>
  <testcase classname="tests.login_test" name="t01_loginFailedFromTable" time="1.236"/>
  <testcase classname="tests.login_test" name="t01_loginFailedFromTable" time="1.225"/>
  <testcase classname="tests.login_test" name="t02_loginFailedMatchAssert" time="1.257"/>
  <testcase classname="tests.login_test" name="t03_loginFailedNoMatchAssert" time="1.234">
    <failure type="java.lang.AssertionError" message="expected [Sorry! Epic sadface: Username and password do not match any user in this service] but found [Epic sadface: Username and password do not match any user in this service]">
      <![CDATA[java.lang.AssertionError: expected [Sorry! Epic sadface: Username and password do not match any user in this service] but found [Epic sadface: Username and password do not match any user in this service]
at tests.login_test.t03_loginFailedNoMatchAssert(login_test.java:33)
at java.base/java.util.concurrent.ThreadPoolExecutor.runWorker(ThreadPoolExecutor.java:1130)
at java.base/java.util.concurrent.ThreadPoolExecutor$Worker.run(ThreadPoolExecutor.java:630)
at java.base/java.lang.Thread.run(Thread.java:832)
... Removed 17 stack frames]]>
    </failure>
  </testcase> <!-- t03_loginFailedNoMatchAssert -->
  <testcase classname="tests.checkout_complete_test" name="t01_loginSucceed" time="10.361"/>
  <testcase classname="tests.checkout_complete_test" name="t02_addListItems" time="1.033"/>
  <testcase classname="tests.checkout_complete_test" name="t03_clickCheckOut" time="0.678"/>
  <testcase classname="tests.checkout_step_one_test" name="t01_loginSucceed" time="12.087"/>
  <testcase classname="tests.checkout_step_one_test" name="t02_addListItems" time="1.222"/>
  <testcase classname="tests.checkout_complete_test" name="t04_personalCorrectDetails" time="1.287"/>
  <testcase classname="tests.checkout_step_one_test" name="t03_clickCheckOut" time="1.579"/>
  <testcase classname="tests.checkout_step_two_test" name="t01_loginSucceed" time="17.162"/>
  <testcase classname="tests.checkout_step_one_test" name="t04_personalWrongFirstName" time="2.385"/>
  <testcase classname="tests.checkout_complete_test" name="t05_finish" time="4.209"/>
  <testcase classname="tests.checkout_complete_test" name="t06_printMessage" time="0.055"/>
  <testcase classname="tests.checkout_complete_test" name="t07_finishOrder" time="0.015"/>
  <testcase classname="tests.cart_test" name="t01_loginSucceed" time="18.553"/>
  <testcase classname="tests.checkout_step_two_test" name="t02_addListItems" time="1.484"/>
  <testcase classname="tests.checkout_step_one_test" name="t05_personalCorrectDetails" time="1.389"/>
  <testcase classname="tests.checkout_complete_test" name="t09_logOut" time="1.169"/>
  <testcase classname="tests.checkout_step_two_test" name="t03_clickCheckOut" time="0.478"/>
  <testcase classname="tests.cart_test" name="t02_addListItems" time="0.755"/>
  <testcase classname="tests.cart_test" name="t03_remvoeItem" time="0.05"/>
  <testcase classname="tests.cart_test" name="t04_continueShopping" time="0.192"/>
  <testcase classname="tests.inventory_test" name="t01_loginSucceed" time="19.797"/>
  <testcase classname="tests.checkout_step_two_test" name="t04_personalCorrectDetails" time="0.798"/>
  <testcase classname="tests.checkout_step_two_test" name="t05_printSauceCard" time="0.036"/>
  <testcase classname="tests.checkout_step_two_test" name="t06_printItemTotal" time="0.034"/>
  <testcase classname="tests.checkout_step_two_test" name="t07_printTax" time="0.035"/>
  <testcase classname="tests.checkout_step_two_test" name="t08_printTotal" time="0.036"/>
  <testcase classname="tests.inventory_test" name="t02_addOneItemAndBack" time="0.616"/>
  <testcase classname="tests.cart_test" name="t05_numOfItems" time="1.032"/>
  <testcase classname="tests.inventory_test" name="t03_addListItems" time="0.345"/>
  <testcase classname="tests.checkout_step_two_test" name="t09_finish" time="0.83"/>
  <testcase classname="tests.cart_test" name="t06_clickCheckOut" time="0.404"/>
  <testcase classname="tests.inventory_test" name="t04_lowToHigh" time="0.361"/>
  <testcase classname="tests.inventory_test" name="t05_highToLowh" time="0.239"/>
  <testcase classname="tests.inventory_test" name="t06_ZToA" time="0.072"/>
  <testcase classname="tests.inventory_test" name="t07_logOut" time="0.405"/>
  <testcase classname="tests.login_test" name="t04_loginSucceed" time="14.607"/>
</testsuite> <!-- Test -->
