<?xml version="1.0" encoding="UTF-8"?>
<testng-results ignored="0" total="56" passed="55" failed="1" skipped="0">
  <reporter-output>
    <line>
      <![CDATA[======# Browser Test End # ======]]>
    </line>
    <line>
      <![CDATA[======# Browser Test End # ======]]>
    </line>
    <line>
      <![CDATA[======# Browser Test End # ======]]>
    </line>
    <line>
      <![CDATA[======# Browser Test End # ======]]>
    </line>
    <line>
      <![CDATA[======# Browser Test End # ======]]>
    </line>
    <line>
      <![CDATA[======# Browser Test End # ======]]>
    </line>
    <line>
      <![CDATA[======# Browser Test End # ======]]>
    </line>
  </reporter-output>
  <suite started-at="2021-01-04T04:29:16 IST" name="Suite" finished-at="2021-01-04T04:29:49 IST" duration-ms="32847">
    <groups>
    </groups>
    <test started-at="2021-01-04T04:29:16 IST" name="Test" finished-at="2021-01-04T04:29:49 IST" duration-ms="32847">
      <class name="tests.login_test">
        <test-method is-config="true" signature="setup(org.testng.ITestContext)[pri:0, instance:tests.login_test@57c758ac]" started-at="2021-01-04T04:29:16 IST" name="setup" finished-at="2021-01-04T04:29:24 IST" duration-ms="7502" status="PASS">
          <params>
            <param index="0">
              <value>
                <![CDATA[org.testng.TestRunner@385c9627]]>
              </value>
            </param>
          </params>
          <reporter-output>
          </reporter-output>
        </test-method> <!-- setup -->
        <test-method signature="getResponseTime()[pri:0, instance:tests.login_test@57c758ac]" started-at="2021-01-04T04:29:24 IST" name="getResponseTime" finished-at="2021-01-04T04:29:25 IST" duration-ms="1786" status="PASS">
          <reporter-output>
          </reporter-output>
        </test-method> <!-- getResponseTime -->
        <test-method signature="getStatusCode()[pri:0, instance:tests.login_test@57c758ac]" started-at="2021-01-04T04:29:25 IST" name="getStatusCode" finished-at="2021-01-04T04:29:26 IST" duration-ms="486" status="PASS">
          <reporter-output>
          </reporter-output>
        </test-method> <!-- getStatusCode -->
        <test-method signature="t01_loginFailedFromTable(java.lang.String, java.lang.String)[pri:0, instance:tests.login_test@57c758ac]" started-at="2021-01-04T04:29:26 IST" name="t01_loginFailedFromTable" description="use from table information" data-provider="getData" finished-at="2021-01-04T04:29:27 IST" duration-ms="1540" status="PASS">
          <params>
            <param index="0">
              <value>
                <![CDATA[biranvaron]]>
              </value>
            </param>
            <param index="1">
              <value>
                <![CDATA[12345]]>
              </value>
            </param>
          </params>
          <reporter-output>
          </reporter-output>
        </test-method> <!-- t01_loginFailedFromTable -->
        <test-method signature="t01_loginFailedFromTable(java.lang.String, java.lang.String)[pri:0, instance:tests.login_test@57c758ac]" started-at="2021-01-04T04:29:27 IST" name="t01_loginFailedFromTable" description="use from table information" data-provider="getData" finished-at="2021-01-04T04:29:29 IST" duration-ms="1273" status="PASS">
          <params>
            <param index="0">
              <value>
                <![CDATA[varonbiran]]>
              </value>
            </param>
            <param index="1">
              <value>
                <![CDATA[54321]]>
              </value>
            </param>
          </params>
          <reporter-output>
          </reporter-output>
        </test-method> <!-- t01_loginFailedFromTable -->
        <test-method signature="t01_loginFailedFromTable(java.lang.String, java.lang.String)[pri:0, instance:tests.login_test@57c758ac]" started-at="2021-01-04T04:29:29 IST" name="t01_loginFailedFromTable" description="use from table information" data-provider="getData" finished-at="2021-01-04T04:29:30 IST" duration-ms="1236" status="PASS">
          <params>
            <param index="0">
              <value>
                <![CDATA[username]]>
              </value>
            </param>
            <param index="1">
              <value>
                <![CDATA[password1541]]>
              </value>
            </param>
          </params>
          <reporter-output>
          </reporter-output>
        </test-method> <!-- t01_loginFailedFromTable -->
        <test-method signature="t01_loginFailedFromTable(java.lang.String, java.lang.String)[pri:0, instance:tests.login_test@57c758ac]" started-at="2021-01-04T04:29:30 IST" name="t01_loginFailedFromTable" description="use from table information" data-provider="getData" finished-at="2021-01-04T04:29:31 IST" duration-ms="1225" status="PASS">
          <params>
            <param index="0">
              <value>
                <![CDATA[userBiran]]>
              </value>
            </param>
            <param index="1">
              <value>
                <![CDATA[mycode88]]>
              </value>
            </param>
          </params>
          <reporter-output>
          </reporter-output>
        </test-method> <!-- t01_loginFailedFromTable -->
        <test-method signature="t02_loginFailedMatchAssert()[pri:0, instance:tests.login_test@57c758ac]" started-at="2021-01-04T04:29:31 IST" name="t02_loginFailedMatchAssert" description="Login with wrong password and match assert" finished-at="2021-01-04T04:29:32 IST" duration-ms="1257" status="PASS">
          <reporter-output>
          </reporter-output>
        </test-method> <!-- t02_loginFailedMatchAssert -->
        <test-method signature="t03_loginFailedNoMatchAssert()[pri:0, instance:tests.login_test@57c758ac]" started-at="2021-01-04T04:29:32 IST" name="t03_loginFailedNoMatchAssert" description="Login with wrong password with unmatch assert" finished-at="2021-01-04T04:29:34 IST" duration-ms="1234" status="FAIL">
          <exception class="java.lang.AssertionError">
            <message>
              <![CDATA[expected [Sorry! Epic sadface: Username and password do not match any user in this service] but found [Epic sadface: Username and password do not match any user in this service]]]>
            </message>
            <full-stacktrace>
              <![CDATA[java.lang.AssertionError: expected [Sorry! Epic sadface: Username and password do not match any user in this service] but found [Epic sadface: Username and password do not match any user in this service]
at org.testng.Assert.fail(Assert.java:97)
at org.testng.Assert.assertEqualsImpl(Assert.java:136)
at org.testng.Assert.assertEquals(Assert.java:118)
at org.testng.Assert.assertEquals(Assert.java:575)
at org.testng.Assert.assertEquals(Assert.java:585)
at tests.login_test.t03_loginFailedNoMatchAssert(login_test.java:33)
at java.base/jdk.internal.reflect.NativeMethodAccessorImpl.invoke0(Native Method)
at java.base/jdk.internal.reflect.NativeMethodAccessorImpl.invoke(NativeMethodAccessorImpl.java:64)
at java.base/jdk.internal.reflect.DelegatingMethodAccessorImpl.invoke(DelegatingMethodAccessorImpl.java:43)
at java.base/java.lang.reflect.Method.invoke(Method.java:564)
at org.testng.internal.MethodInvocationHelper.invokeMethod(MethodInvocationHelper.java:134)
at org.testng.internal.TestInvoker.invokeMethod(TestInvoker.java:597)
at org.testng.internal.TestInvoker.invokeTestMethod(TestInvoker.java:173)
at org.testng.internal.MethodRunner.runInSequence(MethodRunner.java:46)
at org.testng.internal.TestInvoker$MethodInvocationAgent.invoke(TestInvoker.java:816)
at org.testng.internal.TestInvoker.invokeTestMethods(TestInvoker.java:146)
at org.testng.internal.TestMethodWorker.invokeTestMethods(TestMethodWorker.java:146)
at org.testng.internal.TestMethodWorker.run(TestMethodWorker.java:128)
at java.base/java.util.concurrent.ThreadPoolExecutor.runWorker(ThreadPoolExecutor.java:1130)
at java.base/java.util.concurrent.ThreadPoolExecutor$Worker.run(ThreadPoolExecutor.java:630)
at java.base/java.lang.Thread.run(Thread.java:832)
]]>
            </full-stacktrace>
          </exception> <!-- java.lang.AssertionError -->
          <reporter-output>
          </reporter-output>
        </test-method> <!-- t03_loginFailedNoMatchAssert -->
        <test-method signature="t04_loginSucceed()[pri:0, instance:tests.login_test@57c758ac]" started-at="2021-01-04T04:29:34 IST" name="t04_loginSucceed" description="Login with right username and password" finished-at="2021-01-04T04:29:48 IST" duration-ms="14607" status="PASS">
          <reporter-output>
          </reporter-output>
        </test-method> <!-- t04_loginSucceed -->
        <test-method is-config="true" signature="tearDown()[pri:0, instance:tests.login_test@57c758ac]" started-at="2021-01-04T04:29:48 IST" name="tearDown" finished-at="2021-01-04T04:29:49 IST" duration-ms="660" status="PASS">
          <reporter-output>
            <line>
              <![CDATA[======# Browser Test End # ======]]>
            </line>
          </reporter-output>
        </test-method> <!-- tearDown -->
      </class> <!-- tests.login_test -->
      <class name="tests.base_test">
        <test-method is-config="true" signature="setup(org.testng.ITestContext)[pri:0, instance:tests.base_test@67a20f67]" started-at="2021-01-04T04:29:16 IST" name="setup" finished-at="2021-01-04T04:29:23 IST" duration-ms="7232" status="PASS">
          <params>
            <param index="0">
              <value>
                <![CDATA[org.testng.TestRunner@385c9627]]>
              </value>
            </param>
          </params>
          <reporter-output>
          </reporter-output>
        </test-method> <!-- setup -->
        <test-method signature="getResponseTime()[pri:0, instance:tests.base_test@67a20f67]" started-at="2021-01-04T04:29:23 IST" name="getResponseTime" finished-at="2021-01-04T04:29:25 IST" duration-ms="2045" status="PASS">
          <reporter-output>
          </reporter-output>
        </test-method> <!-- getResponseTime -->
        <test-method signature="getStatusCode()[pri:0, instance:tests.base_test@67a20f67]" started-at="2021-01-04T04:29:25 IST" name="getStatusCode" finished-at="2021-01-04T04:29:26 IST" duration-ms="517" status="PASS">
          <reporter-output>
          </reporter-output>
        </test-method> <!-- getStatusCode -->
        <test-method is-config="true" signature="tearDown()[pri:0, instance:tests.base_test@67a20f67]" started-at="2021-01-04T04:29:26 IST" name="tearDown" finished-at="2021-01-04T04:29:27 IST" duration-ms="742" status="PASS">
          <reporter-output>
            <line>
              <![CDATA[======# Browser Test End # ======]]>
            </line>
          </reporter-output>
        </test-method> <!-- tearDown -->
      </class> <!-- tests.base_test -->
      <class name="tests.checkout_step_one_test">
        <test-method is-config="true" signature="setup(org.testng.ITestContext)[pri:0, instance:tests.checkout_step_one_test@64cd705f]" started-at="2021-01-04T04:29:16 IST" name="setup" finished-at="2021-01-04T04:29:24 IST" duration-ms="7503" status="PASS">
          <params>
            <param index="0">
              <value>
                <![CDATA[org.testng.TestRunner@385c9627]]>
              </value>
            </param>
          </params>
          <reporter-output>
          </reporter-output>
        </test-method> <!-- setup -->
        <test-method signature="getResponseTime()[pri:0, instance:tests.checkout_step_one_test@64cd705f]" started-at="2021-01-04T04:29:24 IST" name="getResponseTime" finished-at="2021-01-04T04:29:25 IST" duration-ms="1785" status="PASS">
          <reporter-output>
          </reporter-output>
        </test-method> <!-- getResponseTime -->
        <test-method signature="getStatusCode()[pri:0, instance:tests.checkout_step_one_test@64cd705f]" started-at="2021-01-04T04:29:25 IST" name="getStatusCode" finished-at="2021-01-04T04:29:26 IST" duration-ms="522" status="PASS">
          <reporter-output>
          </reporter-output>
        </test-method> <!-- getStatusCode -->
        <test-method signature="t01_loginSucceed()[pri:0, instance:tests.checkout_step_one_test@64cd705f]" started-at="2021-01-04T04:29:26 IST" name="t01_loginSucceed" finished-at="2021-01-04T04:29:38 IST" duration-ms="12087" status="PASS">
          <reporter-output>
          </reporter-output>
        </test-method> <!-- t01_loginSucceed -->
        <test-method signature="t02_addListItems()[pri:0, instance:tests.checkout_step_one_test@64cd705f]" started-at="2021-01-04T04:29:38 IST" name="t02_addListItems" finished-at="2021-01-04T04:29:39 IST" duration-ms="1222" status="PASS">
          <reporter-output>
          </reporter-output>
        </test-method> <!-- t02_addListItems -->
        <test-method signature="t03_clickCheckOut()[pri:0, instance:tests.checkout_step_one_test@64cd705f]" started-at="2021-01-04T04:29:39 IST" name="t03_clickCheckOut" finished-at="2021-01-04T04:29:41 IST" duration-ms="1579" status="PASS">
          <reporter-output>
          </reporter-output>
        </test-method> <!-- t03_clickCheckOut -->
        <test-method signature="t04_personalWrongFirstName()[pri:0, instance:tests.checkout_step_one_test@64cd705f]" started-at="2021-01-04T04:29:41 IST" name="t04_personalWrongFirstName" finished-at="2021-01-04T04:29:43 IST" duration-ms="2385" status="PASS">
          <reporter-output>
          </reporter-output>
        </test-method> <!-- t04_personalWrongFirstName -->
        <test-method signature="t05_personalCorrectDetails()[pri:0, instance:tests.checkout_step_one_test@64cd705f]" started-at="2021-01-04T04:29:43 IST" name="t05_personalCorrectDetails" finished-at="2021-01-04T04:29:45 IST" duration-ms="1389" status="PASS">
          <reporter-output>
          </reporter-output>
        </test-method> <!-- t05_personalCorrectDetails -->
        <test-method is-config="true" signature="tearDown()[pri:0, instance:tests.checkout_step_one_test@64cd705f]" started-at="2021-01-04T04:29:45 IST" name="tearDown" finished-at="2021-01-04T04:29:45 IST" duration-ms="675" status="PASS">
          <reporter-output>
            <line>
              <![CDATA[======# Browser Test End # ======]]>
            </line>
          </reporter-output>
        </test-method> <!-- tearDown -->
      </class> <!-- tests.checkout_step_one_test -->
      <class name="tests.checkout_step_two_test">
        <test-method is-config="true" signature="setup(org.testng.ITestContext)[pri:0, instance:tests.checkout_step_two_test@9225652]" started-at="2021-01-04T04:29:16 IST" name="setup" finished-at="2021-01-04T04:29:24 IST" duration-ms="7681" status="PASS">
          <params>
            <param index="0">
              <value>
                <![CDATA[org.testng.TestRunner@385c9627]]>
              </value>
            </param>
          </params>
          <reporter-output>
          </reporter-output>
        </test-method> <!-- setup -->
        <test-method signature="getResponseTime()[pri:0, instance:tests.checkout_step_two_test@9225652]" started-at="2021-01-04T04:29:24 IST" name="getResponseTime" finished-at="2021-01-04T04:29:25 IST" duration-ms="1606" status="PASS">
          <reporter-output>
          </reporter-output>
        </test-method> <!-- getResponseTime -->
        <test-method signature="getStatusCode()[pri:0, instance:tests.checkout_step_two_test@9225652]" started-at="2021-01-04T04:29:25 IST" name="getStatusCode" finished-at="2021-01-04T04:29:26 IST" duration-ms="480" status="PASS">
          <reporter-output>
          </reporter-output>
        </test-method> <!-- getStatusCode -->
        <test-method signature="t01_loginSucceed()[pri:0, instance:tests.checkout_step_two_test@9225652]" started-at="2021-01-04T04:29:26 IST" name="t01_loginSucceed" finished-at="2021-01-04T04:29:43 IST" duration-ms="17162" status="PASS">
          <reporter-output>
          </reporter-output>
        </test-method> <!-- t01_loginSucceed -->
        <test-method signature="t02_addListItems()[pri:0, instance:tests.checkout_step_two_test@9225652]" started-at="2021-01-04T04:29:43 IST" name="t02_addListItems" finished-at="2021-01-04T04:29:45 IST" duration-ms="1484" status="PASS">
          <reporter-output>
          </reporter-output>
        </test-method> <!-- t02_addListItems -->
        <test-method signature="t03_clickCheckOut()[pri:0, instance:tests.checkout_step_two_test@9225652]" started-at="2021-01-04T04:29:45 IST" name="t03_clickCheckOut" finished-at="2021-01-04T04:29:45 IST" duration-ms="478" status="PASS">
          <reporter-output>
          </reporter-output>
        </test-method> <!-- t03_clickCheckOut -->
        <test-method signature="t04_personalCorrectDetails()[pri:0, instance:tests.checkout_step_two_test@9225652]" started-at="2021-01-04T04:29:45 IST" name="t04_personalCorrectDetails" finished-at="2021-01-04T04:29:46 IST" duration-ms="798" status="PASS">
          <reporter-output>
          </reporter-output>
        </test-method> <!-- t04_personalCorrectDetails -->
        <test-method signature="t05_printSauceCard()[pri:0, instance:tests.checkout_step_two_test@9225652]" started-at="2021-01-04T04:29:46 IST" name="t05_printSauceCard" finished-at="2021-01-04T04:29:46 IST" duration-ms="36" status="PASS">
          <reporter-output>
          </reporter-output>
        </test-method> <!-- t05_printSauceCard -->
        <test-method signature="t06_printItemTotal()[pri:0, instance:tests.checkout_step_two_test@9225652]" started-at="2021-01-04T04:29:46 IST" name="t06_printItemTotal" finished-at="2021-01-04T04:29:46 IST" duration-ms="34" status="PASS">
          <reporter-output>
          </reporter-output>
        </test-method> <!-- t06_printItemTotal -->
        <test-method signature="t07_printTax()[pri:0, instance:tests.checkout_step_two_test@9225652]" started-at="2021-01-04T04:29:46 IST" name="t07_printTax" finished-at="2021-01-04T04:29:46 IST" duration-ms="35" status="PASS">
          <reporter-output>
          </reporter-output>
        </test-method> <!-- t07_printTax -->
        <test-method signature="t08_printTotal()[pri:0, instance:tests.checkout_step_two_test@9225652]" started-at="2021-01-04T04:29:46 IST" name="t08_printTotal" finished-at="2021-01-04T04:29:46 IST" duration-ms="36" status="PASS">
          <reporter-output>
          </reporter-output>
        </test-method> <!-- t08_printTotal -->
        <test-method signature="t09_finish()[pri:0, instance:tests.checkout_step_two_test@9225652]" started-at="2021-01-04T04:29:46 IST" name="t09_finish" finished-at="2021-01-04T04:29:47 IST" duration-ms="830" status="PASS">
          <reporter-output>
          </reporter-output>
        </test-method> <!-- t09_finish -->
        <test-method is-config="true" signature="tearDown()[pri:0, instance:tests.checkout_step_two_test@9225652]" started-at="2021-01-04T04:29:47 IST" name="tearDown" finished-at="2021-01-04T04:29:47 IST" duration-ms="666" status="PASS">
          <reporter-output>
            <line>
              <![CDATA[======# Browser Test End # ======]]>
            </line>
          </reporter-output>
        </test-method> <!-- tearDown -->
      </class> <!-- tests.checkout_step_two_test -->
      <class name="tests.checkout_complete_test">
        <test-method is-config="true" signature="setup(org.testng.ITestContext)[pri:0, instance:tests.checkout_complete_test@654f0d9c]" started-at="2021-01-04T04:29:16 IST" name="setup" finished-at="2021-01-04T04:29:24 IST" duration-ms="7844" status="PASS">
          <params>
            <param index="0">
              <value>
                <![CDATA[org.testng.TestRunner@385c9627]]>
              </value>
            </param>
          </params>
          <reporter-output>
          </reporter-output>
        </test-method> <!-- setup -->
        <test-method signature="getResponseTime()[pri:0, instance:tests.checkout_complete_test@654f0d9c]" started-at="2021-01-04T04:29:24 IST" name="getResponseTime" finished-at="2021-01-04T04:29:25 IST" duration-ms="1444" status="PASS">
          <reporter-output>
          </reporter-output>
        </test-method> <!-- getResponseTime -->
        <test-method signature="getStatusCode()[pri:0, instance:tests.checkout_complete_test@654f0d9c]" started-at="2021-01-04T04:29:25 IST" name="getStatusCode" finished-at="2021-01-04T04:29:26 IST" duration-ms="484" status="PASS">
          <reporter-output>
          </reporter-output>
        </test-method> <!-- getStatusCode -->
        <test-method signature="t01_loginSucceed()[pri:0, instance:tests.checkout_complete_test@654f0d9c]" started-at="2021-01-04T04:29:26 IST" name="t01_loginSucceed" finished-at="2021-01-04T04:29:36 IST" duration-ms="10361" status="PASS">
          <reporter-output>
          </reporter-output>
        </test-method> <!-- t01_loginSucceed -->
        <test-method signature="t02_addListItems()[pri:0, instance:tests.checkout_complete_test@654f0d9c]" started-at="2021-01-04T04:29:36 IST" name="t02_addListItems" finished-at="2021-01-04T04:29:37 IST" duration-ms="1033" status="PASS">
          <reporter-output>
          </reporter-output>
        </test-method> <!-- t02_addListItems -->
        <test-method signature="t03_clickCheckOut()[pri:0, instance:tests.checkout_complete_test@654f0d9c]" started-at="2021-01-04T04:29:37 IST" name="t03_clickCheckOut" finished-at="2021-01-04T04:29:38 IST" duration-ms="678" status="PASS">
          <reporter-output>
          </reporter-output>
        </test-method> <!-- t03_clickCheckOut -->
        <test-method signature="t04_personalCorrectDetails()[pri:0, instance:tests.checkout_complete_test@654f0d9c]" started-at="2021-01-04T04:29:38 IST" name="t04_personalCorrectDetails" finished-at="2021-01-04T04:29:39 IST" duration-ms="1287" status="PASS">
          <reporter-output>
          </reporter-output>
        </test-method> <!-- t04_personalCorrectDetails -->
        <test-method signature="t05_finish()[pri:0, instance:tests.checkout_complete_test@654f0d9c]" started-at="2021-01-04T04:29:39 IST" name="t05_finish" finished-at="2021-01-04T04:29:43 IST" duration-ms="4209" status="PASS">
          <reporter-output>
          </reporter-output>
        </test-method> <!-- t05_finish -->
        <test-method signature="t06_printMessage()[pri:0, instance:tests.checkout_complete_test@654f0d9c]" started-at="2021-01-04T04:29:43 IST" name="t06_printMessage" finished-at="2021-01-04T04:29:44 IST" duration-ms="55" status="PASS">
          <reporter-output>
          </reporter-output>
        </test-method> <!-- t06_printMessage -->
        <test-method signature="t07_finishOrder()[pri:0, instance:tests.checkout_complete_test@654f0d9c]" started-at="2021-01-04T04:29:44 IST" name="t07_finishOrder" finished-at="2021-01-04T04:29:44 IST" duration-ms="15" status="PASS">
          <reporter-output>
          </reporter-output>
        </test-method> <!-- t07_finishOrder -->
        <test-method signature="t09_logOut()[pri:0, instance:tests.checkout_complete_test@654f0d9c]" started-at="2021-01-04T04:29:44 IST" name="t09_logOut" finished-at="2021-01-04T04:29:45 IST" duration-ms="1169" status="PASS">
          <reporter-output>
          </reporter-output>
        </test-method> <!-- t09_logOut -->
        <test-method is-config="true" signature="tearDown()[pri:0, instance:tests.checkout_complete_test@654f0d9c]" started-at="2021-01-04T04:29:45 IST" name="tearDown" finished-at="2021-01-04T04:29:45 IST" duration-ms="657" status="PASS">
          <reporter-output>
            <line>
              <![CDATA[======# Browser Test End # ======]]>
            </line>
          </reporter-output>
        </test-method> <!-- tearDown -->
      </class> <!-- tests.checkout_complete_test -->
      <class name="tests.inventory_test">
        <test-method is-config="true" signature="setup(org.testng.ITestContext)[pri:0, instance:tests.inventory_test@13e39c73]" started-at="2021-01-04T04:29:16 IST" name="setup" finished-at="2021-01-04T04:29:24 IST" duration-ms="7533" status="PASS">
          <params>
            <param index="0">
              <value>
                <![CDATA[org.testng.TestRunner@385c9627]]>
              </value>
            </param>
          </params>
          <reporter-output>
          </reporter-output>
        </test-method> <!-- setup -->
        <test-method signature="getResponseTime()[pri:0, instance:tests.inventory_test@13e39c73]" started-at="2021-01-04T04:29:24 IST" name="getResponseTime" finished-at="2021-01-04T04:29:25 IST" duration-ms="1755" status="PASS">
          <reporter-output>
          </reporter-output>
        </test-method> <!-- getResponseTime -->
        <test-method signature="getStatusCode()[pri:0, instance:tests.inventory_test@13e39c73]" started-at="2021-01-04T04:29:25 IST" name="getStatusCode" finished-at="2021-01-04T04:29:26 IST" duration-ms="519" status="PASS">
          <reporter-output>
          </reporter-output>
        </test-method> <!-- getStatusCode -->
        <test-method signature="t01_loginSucceed()[pri:0, instance:tests.inventory_test@13e39c73]" started-at="2021-01-04T04:29:26 IST" name="t01_loginSucceed" finished-at="2021-01-04T04:29:46 IST" duration-ms="19797" status="PASS">
          <reporter-output>
          </reporter-output>
        </test-method> <!-- t01_loginSucceed -->
        <test-method signature="t02_addOneItemAndBack()[pri:0, instance:tests.inventory_test@13e39c73]" started-at="2021-01-04T04:29:46 IST" name="t02_addOneItemAndBack" finished-at="2021-01-04T04:29:46 IST" duration-ms="616" status="PASS">
          <reporter-output>
          </reporter-output>
        </test-method> <!-- t02_addOneItemAndBack -->
        <test-method signature="t03_addListItems()[pri:0, instance:tests.inventory_test@13e39c73]" started-at="2021-01-04T04:29:46 IST" name="t03_addListItems" finished-at="2021-01-04T04:29:47 IST" duration-ms="345" status="PASS">
          <reporter-output>
          </reporter-output>
        </test-method> <!-- t03_addListItems -->
        <test-method signature="t04_lowToHigh()[pri:0, instance:tests.inventory_test@13e39c73]" started-at="2021-01-04T04:29:47 IST" name="t04_lowToHigh" finished-at="2021-01-04T04:29:47 IST" duration-ms="361" status="PASS">
          <reporter-output>
          </reporter-output>
        </test-method> <!-- t04_lowToHigh -->
        <test-method signature="t05_highToLowh()[pri:0, instance:tests.inventory_test@13e39c73]" started-at="2021-01-04T04:29:47 IST" name="t05_highToLowh" finished-at="2021-01-04T04:29:47 IST" duration-ms="239" status="PASS">
          <reporter-output>
          </reporter-output>
        </test-method> <!-- t05_highToLowh -->
        <test-method signature="t06_ZToA()[pri:0, instance:tests.inventory_test@13e39c73]" started-at="2021-01-04T04:29:47 IST" name="t06_ZToA" finished-at="2021-01-04T04:29:47 IST" duration-ms="72" status="PASS">
          <reporter-output>
          </reporter-output>
        </test-method> <!-- t06_ZToA -->
        <test-method signature="t07_logOut()[pri:0, instance:tests.inventory_test@13e39c73]" started-at="2021-01-04T04:29:47 IST" name="t07_logOut" finished-at="2021-01-04T04:29:48 IST" duration-ms="405" status="PASS">
          <reporter-output>
          </reporter-output>
        </test-method> <!-- t07_logOut -->
        <test-method is-config="true" signature="tearDown()[pri:0, instance:tests.inventory_test@13e39c73]" started-at="2021-01-04T04:29:48 IST" name="tearDown" finished-at="2021-01-04T04:29:48 IST" duration-ms="639" status="PASS">
          <reporter-output>
            <line>
              <![CDATA[======# Browser Test End # ======]]>
            </line>
          </reporter-output>
        </test-method> <!-- tearDown -->
      </class> <!-- tests.inventory_test -->
      <class name="tests.cart_test">
        <test-method is-config="true" signature="setup(org.testng.ITestContext)[pri:0, instance:tests.cart_test@a9cd3b1]" started-at="2021-01-04T04:29:16 IST" name="setup" finished-at="2021-01-04T04:29:23 IST" duration-ms="7232" status="PASS">
          <params>
            <param index="0">
              <value>
                <![CDATA[org.testng.TestRunner@385c9627]]>
              </value>
            </param>
          </params>
          <reporter-output>
          </reporter-output>
        </test-method> <!-- setup -->
        <test-method signature="getResponseTime()[pri:0, instance:tests.cart_test@a9cd3b1]" started-at="2021-01-04T04:29:23 IST" name="getResponseTime" finished-at="2021-01-04T04:29:25 IST" duration-ms="2044" status="PASS">
          <reporter-output>
          </reporter-output>
        </test-method> <!-- getResponseTime -->
        <test-method signature="getStatusCode()[pri:0, instance:tests.cart_test@a9cd3b1]" started-at="2021-01-04T04:29:25 IST" name="getStatusCode" finished-at="2021-01-04T04:29:26 IST" duration-ms="484" status="PASS">
          <reporter-output>
          </reporter-output>
        </test-method> <!-- getStatusCode -->
        <test-method signature="t01_loginSucceed()[pri:0, instance:tests.cart_test@a9cd3b1]" started-at="2021-01-04T04:29:26 IST" name="t01_loginSucceed" finished-at="2021-01-04T04:29:44 IST" duration-ms="18553" status="PASS">
          <reporter-output>
          </reporter-output>
        </test-method> <!-- t01_loginSucceed -->
        <test-method signature="t02_addListItems()[pri:0, instance:tests.cart_test@a9cd3b1]" started-at="2021-01-04T04:29:44 IST" name="t02_addListItems" finished-at="2021-01-04T04:29:45 IST" duration-ms="755" status="PASS">
          <reporter-output>
          </reporter-output>
        </test-method> <!-- t02_addListItems -->
        <test-method signature="t03_remvoeItem()[pri:0, instance:tests.cart_test@a9cd3b1]" started-at="2021-01-04T04:29:45 IST" name="t03_remvoeItem" finished-at="2021-01-04T04:29:45 IST" duration-ms="50" status="PASS">
          <reporter-output>
          </reporter-output>
        </test-method> <!-- t03_remvoeItem -->
        <test-method signature="t04_continueShopping()[pri:0, instance:tests.cart_test@a9cd3b1]" started-at="2021-01-04T04:29:45 IST" name="t04_continueShopping" finished-at="2021-01-04T04:29:45 IST" duration-ms="192" status="PASS">
          <reporter-output>
          </reporter-output>
        </test-method> <!-- t04_continueShopping -->
        <test-method signature="t05_numOfItems()[pri:0, instance:tests.cart_test@a9cd3b1]" started-at="2021-01-04T04:29:45 IST" name="t05_numOfItems" finished-at="2021-01-04T04:29:46 IST" duration-ms="1032" status="PASS">
          <reporter-output>
          </reporter-output>
        </test-method> <!-- t05_numOfItems -->
        <test-method signature="t06_clickCheckOut()[pri:0, instance:tests.cart_test@a9cd3b1]" started-at="2021-01-04T04:29:46 IST" name="t06_clickCheckOut" finished-at="2021-01-04T04:29:47 IST" duration-ms="404" status="PASS">
          <reporter-output>
          </reporter-output>
        </test-method> <!-- t06_clickCheckOut -->
        <test-method is-config="true" signature="tearDown()[pri:0, instance:tests.cart_test@a9cd3b1]" started-at="2021-01-04T04:29:47 IST" name="tearDown" finished-at="2021-01-04T04:29:48 IST" duration-ms="631" status="PASS">
          <reporter-output>
            <line>
              <![CDATA[======# Browser Test End # ======]]>
            </line>
          </reporter-output>
        </test-method> <!-- tearDown -->
      </class> <!-- tests.cart_test -->
    </test> <!-- Test -->
  </suite> <!-- Suite -->
</testng-results>
